
Feb 10, 2018 14:53:54.62 NEW SESSION
Feb 10, 2018 14:53:54.62 [9228:4788:0210/145354.622:ERROR:connection_factory_impl.cc(381)] Failed to connect to MCS endpoint with error -106
Feb 10, 2018 14:53:55.65 [9228:4788:0210/145355.656:ERROR:checkin_request.cc(211)] Failed to get checkin response. Fetcher failed. Retrying.
Feb 10, 2018 14:54:16.84 [9228:4788:0210/145416.848:ERROR:checkin_request.cc(211)] Failed to get checkin response. Fetcher failed. Retrying.
Feb 10, 2018 14:54:22.64 [9228:4788:0210/145422.646:ERROR:connection_factory_impl.cc(381)] Failed to connect to MCS endpoint with error -106
Feb 10, 2018 14:55:01.28 [9228:10828:0210/145501.281:ERROR:gcm_channel_status_request.cc(127)] GCM channel request failed.
Feb 10, 2018 14:55:07.63 [9228:4788:0210/145507.636:ERROR:connection_factory_impl.cc(381)] Failed to connect to MCS endpoint with error -106
Feb 10, 2018 14:55:15.47 [9228:4788:0210/145515.472:ERROR:checkin_request.cc(211)] Failed to get checkin response. Fetcher failed. Retrying.
Feb 10, 2018 14:55:22.67 [9228:10828:0210/145522.672:ERROR:gcm_channel_status_request.cc(127)] GCM channel request failed.
Feb 10, 2018 14:56:01.37 [9228:4788:0210/145601.372:ERROR:process_metrics.cc(105)] NOT IMPLEMENTED
Feb 10, 2018 14:56:01.37 [9228:4788:0210/145601.372:ERROR:process_metrics.cc(105)] NOT IMPLEMENTED
Feb 10, 2018 14:56:01.37 [9228:4788:0210/145601.372:ERROR:process_metrics.cc(105)] NOT IMPLEMENTED
Feb 10, 2018 14:56:01.37 [9228:4788:0210/145601.372:ERROR:process_metrics.cc(105)] NOT IMPLEMENTED
Feb 10, 2018 14:56:01.37 [9228:4788:0210/145601.372:ERROR:process_metrics.cc(105)] NOT IMPLEMENTED
Feb 10, 2018 14:56:13.78 [9228:10828:0210/145613.787:ERROR:gcm_channel_status_request.cc(127)] GCM channel request failed.
Feb 10, 2018 14:56:50.24 [9228:4788:0210/145650.249:ERROR:connection_factory_impl.cc(381)] Failed to connect to MCS endpoint with error -106
Feb 10, 2018 14:56:52.43 [9228:4788:0210/145652.307:ERROR:checkin_request.cc(211)] Failed to get checkin response. Fetcher failed. Retrying.
Feb 10, 2018 14:57:34.37 [9228:10828:0210/145734.372:ERROR:gcm_channel_status_request.cc(127)] GCM channel request failed.
Feb 10, 2018 14:58:01.37 [9228:4788:0210/145801.373:ERROR:process_metrics.cc(105)] NOT IMPLEMENTED
Feb 10, 2018 14:58:01.37 [9228:4788:0210/145801.373:ERROR:process_metrics.cc(105)] NOT IMPLEMENTED
Feb 10, 2018 14:58:01.37 [9228:4788:0210/145801.373:ERROR:process_metrics.cc(105)] NOT IMPLEMENTED
Feb 10, 2018 14:58:01.37 [9228:4788:0210/145801.373:ERROR:process_metrics.cc(105)] NOT IMPLEMENTED
Feb 10, 2018 14:58:01.37 [9228:4788:0210/145801.373:ERROR:process_metrics.cc(105)] NOT IMPLEMENTED
Feb 10, 2018 15:00:01.37 [9228:4788:0210/150001.374:ERROR:process_metrics.cc(105)] NOT IMPLEMENTED
Feb 10, 2018 15:00:01.37 [9228:4788:0210/150001.375:ERROR:process_metrics.cc(105)] NOT IMPLEMENTED
Feb 10, 2018 15:00:01.37 [9228:4788:0210/150001.375:ERROR:process_metrics.cc(105)] NOT IMPLEMENTED
Feb 10, 2018 15:00:01.38 [9228:4788:0210/150001.375:ERROR:process_metrics.cc(105)] NOT IMPLEMENTED
Feb 10, 2018 15:00:01.38 [9228:4788:0210/150001.375:ERROR:process_metrics.cc(105)] NOT IMPLEMENTED
Feb 10, 2018 15:00:31.45 [9228:4788:0210/150031.458:ERROR:connection_factory_impl.cc(381)] Failed to connect to MCS endpoint with error -106
Feb 10, 2018 15:00:49.03 [9228:4788:0210/150049.032:ERROR:checkin_request.cc(211)] Failed to get checkin response. Fetcher failed. Retrying.
Feb 10, 2018 15:01:30.50 [9228:10828:0210/150130.504:ERROR:gcm_channel_status_request.cc(127)] GCM channel request failed.
Feb 10, 2018 15:02:01.37 [9228:4788:0210/150201.376:ERROR:process_metrics.cc(105)] NOT IMPLEMENTED
Feb 10, 2018 15:02:01.37 [9228:4788:0210/150201.376:ERROR:process_metrics.cc(105)] NOT IMPLEMENTED
Feb 10, 2018 15:02:01.38 [9228:4788:0210/150201.376:ERROR:process_metrics.cc(105)] NOT IMPLEMENTED
Feb 10, 2018 15:02:01.38 [9228:4788:0210/150201.376:ERROR:process_metrics.cc(105)] NOT IMPLEMENTED
Feb 10, 2018 15:02:01.38 [9228:4788:0210/150201.376:ERROR:process_metrics.cc(105)] NOT IMPLEMENTED
Feb 10, 2018 15:02:01.38 [9228:4788:0210/150201.376:ERROR:process_metrics.cc(105)] NOT IMPLEMENTED
Feb 15, 2018 12:57:30.79 [5684:9396:0215/125730.798:ERROR:connection_factory_impl.cc(381)] Failed to connect to MCS endpoint with error -106
Feb 15, 2018 12:57:31.76 [5684:9396:0215/125731.762:ERROR:checkin_request.cc(211)] Failed to get checkin response. Fetcher failed. Retrying.
Feb 15, 2018 12:57:52.72 [5684:9396:0215/125752.719:ERROR:connection_factory_impl.cc(381)] Failed to connect to MCS endpoint with error -106
Feb 15, 2018 12:57:54.29 [5684:9396:0215/125754.290:ERROR:checkin_request.cc(211)] Failed to get checkin response. Fetcher failed. Retrying.
Feb 15, 2018 12:58:32.92 [5684:9396:0215/125832.924:ERROR:connection_factory_impl.cc(381)] Failed to connect to MCS endpoint with error -106
Feb 15, 2018 12:58:44.71 [5684:9396:0215/125844.716:ERROR:checkin_request.cc(211)] Failed to get checkin response. Fetcher failed. Retrying.
Feb 15, 2018 12:59:33.84 [5684:9396:0215/125933.842:ERROR:process_metrics.cc(105)] NOT IMPLEMENTED
Feb 15, 2018 12:59:33.84 [5684:9396:0215/125933.842:ERROR:process_metrics.cc(105)] NOT IMPLEMENTED
Feb 15, 2018 12:59:33.84 [5684:9396:0215/125933.842:ERROR:process_metrics.cc(105)] NOT IMPLEMENTED
Feb 15, 2018 12:59:33.84 [5684:9396:0215/125933.842:ERROR:process_metrics.cc(105)] NOT IMPLEMENTED
Feb 15, 2018 12:59:33.84 [5684:9396:0215/125933.842:ERROR:process_metrics.cc(105)] NOT IMPLEMENTED
Feb 15, 2018 13:00:02.75 [5684:9396:0215/130002.751:ERROR:connection_factory_impl.cc(381)] Failed to connect to MCS endpoint with error -106
Feb 15, 2018 13:00:23.37 [5684:9396:0215/130023.375:ERROR:checkin_request.cc(211)] Failed to get checkin response. Fetcher failed. Retrying.
Feb 15, 2018 13:01:33.84 [5684:9396:0215/130133.845:ERROR:process_metrics.cc(105)] NOT IMPLEMENTED
Feb 15, 2018 13:01:33.84 [5684:9396:0215/130133.845:ERROR:process_metrics.cc(105)] NOT IMPLEMENTED
Feb 15, 2018 13:01:33.85 [5684:9396:0215/130133.845:ERROR:process_metrics.cc(105)] NOT IMPLEMENTED
Feb 15, 2018 13:01:33.85 [5684:9396:0215/130133.845:ERROR:process_metrics.cc(105)] NOT IMPLEMENTED
Feb 15, 2018 13:01:33.85 [5684:9396:0215/130133.845:ERROR:process_metrics.cc(105)] NOT IMPLEMENTED
Feb 15, 2018 13:03:29.74 [5684:9396:0215/130329.747:ERROR:checkin_request.cc(211)] Failed to get checkin response. Fetcher failed. Retrying.
Feb 15, 2018 13:03:33.84 [5684:9396:0215/130333.846:ERROR:process_metrics.cc(105)] NOT IMPLEMENTED
Feb 15, 2018 13:03:33.84 [5684:9396:0215/130333.846:ERROR:process_metrics.cc(105)] NOT IMPLEMENTED
Feb 15, 2018 13:03:33.85 [5684:9396:0215/130333.846:ERROR:process_metrics.cc(105)] NOT IMPLEMENTED
Feb 15, 2018 13:03:33.85 [5684:9396:0215/130333.846:ERROR:process_metrics.cc(105)] NOT IMPLEMENTED
Feb 15, 2018 13:03:33.85 [5684:9396:0215/130333.846:ERROR:process_metrics.cc(105)] NOT IMPLEMENTED
Feb 15, 2018 13:03:41.44 [5684:9396:0215/130341.444:ERROR:connection_factory_impl.cc(381)] Failed to connect to MCS endpoint with error -106
Feb 15, 2018 13:05:33.85 [5684:9396:0215/130533.854:ERROR:process_metrics.cc(105)] NOT IMPLEMENTED
Feb 15, 2018 13:05:33.86 [5684:9396:0215/130533.854:ERROR:process_metrics.cc(105)] NOT IMPLEMENTED
Feb 15, 2018 13:05:33.86 [5684:9396:0215/130533.854:ERROR:process_metrics.cc(105)] NOT IMPLEMENTED
Feb 15, 2018 13:05:33.86 [5684:9396:0215/130533.854:ERROR:process_metrics.cc(105)] NOT IMPLEMENTED
Feb 15, 2018 13:05:33.86 [5684:9396:0215/130533.854:ERROR:process_metrics.cc(105)] NOT IMPLEMENTED
Feb 15, 2018 13:07:33.85 [5684:9396:0215/130733.856:ERROR:process_metrics.cc(105)] NOT IMPLEMENTED
Feb 15, 2018 13:07:33.85 [5684:9396:0215/130733.856:ERROR:process_metrics.cc(105)] NOT IMPLEMENTED
Feb 15, 2018 13:07:33.85 [5684:9396:0215/130733.856:ERROR:process_metrics.cc(105)] NOT IMPLEMENTED
Feb 15, 2018 13:07:33.86 [5684:9396:0215/130733.856:ERROR:process_metrics.cc(105)] NOT IMPLEMENTED
Feb 15, 2018 13:07:33.86 [5684:9396:0215/130733.856:ERROR:process_metrics.cc(105)] NOT IMPLEMENTED
Feb 15, 2018 13:09:25.90 [5684:9396:0215/130925.906:ERROR:checkin_request.cc(211)] Failed to get checkin response. Fetcher failed. Retrying.
Feb 15, 2018 13:09:33.85 [5684:9396:0215/130933.857:ERROR:process_metrics.cc(105)] NOT IMPLEMENTED
Feb 15, 2018 13:09:33.85 [5684:9396:0215/130933.857:ERROR:process_metrics.cc(105)] NOT IMPLEMENTED
Feb 15, 2018 13:09:33.86 [5684:9396:0215/130933.857:ERROR:process_metrics.cc(105)] NOT IMPLEMENTED
Feb 15, 2018 13:09:33.86 [5684:9396:0215/130933.857:ERROR:process_metrics.cc(105)] NOT IMPLEMENTED
Feb 15, 2018 13:09:33.86 [5684:9396:0215/130933.857:ERROR:process_metrics.cc(105)] NOT IMPLEMENTED
Feb 15, 2018 13:10:40.99 [5684:8944:0215/131040.998:ERROR:gcm_channel_status_request.cc(127)] GCM channel request failed.
Feb 15, 2018 13:11:00.76 [5684:9396:0215/131100.761:ERROR:connection_factory_impl.cc(381)] Failed to connect to MCS endpoint with error -106
Feb 15, 2018 13:11:06.39 [5684:8944:0215/131106.391:ERROR:gcm_channel_status_request.cc(127)] GCM channel request failed.
Feb 15, 2018 13:11:33.85 [5684:9396:0215/131133.859:ERROR:process_metrics.cc(105)] NOT IMPLEMENTED
Feb 15, 2018 13:11:33.86 [5684:9396:0215/131133.859:ERROR:process_metrics.cc(105)] NOT IMPLEMENTED
Feb 15, 2018 13:11:33.86 [5684:9396:0215/131133.859:ERROR:process_metrics.cc(105)] NOT IMPLEMENTED
Feb 15, 2018 13:11:33.86 [5684:9396:0215/131133.859:ERROR:process_metrics.cc(105)] NOT IMPLEMENTED
Feb 15, 2018 13:11:33.86 [5684:9396:0215/131133.859:ERROR:process_metrics.cc(105)] NOT IMPLEMENTED
Feb 15, 2018 13:12:04.63 [5684:8944:0215/131204.634:ERROR:gcm_channel_status_request.cc(127)] GCM channel request failed.
Feb 15, 2018 13:13:33.86 [5684:9396:0215/131333.860:ERROR:process_metrics.cc(105)] NOT IMPLEMENTED
Feb 15, 2018 13:13:33.86 [5684:9396:0215/131333.860:ERROR:process_metrics.cc(105)] NOT IMPLEMENTED
Feb 15, 2018 13:13:33.86 [5684:9396:0215/131333.860:ERROR:process_metrics.cc(105)] NOT IMPLEMENTED
Feb 15, 2018 13:13:33.86 [5684:9396:0215/131333.860:ERROR:process_metrics.cc(105)] NOT IMPLEMENTED
Feb 15, 2018 13:13:33.86 [5684:9396:0215/131333.860:ERROR:process_metrics.cc(105)] NOT IMPLEMENTED
Feb 15, 2018 13:14:00.99 [5684:8944:0215/131400.996:ERROR:gcm_channel_status_request.cc(127)] GCM channel request failed.
Feb 15, 2018 13:15:33.86 [5684:9396:0215/131533.861:ERROR:process_metrics.cc(105)] NOT IMPLEMENTED
Feb 15, 2018 13:15:33.86 [5684:9396:0215/131533.861:ERROR:process_metrics.cc(105)] NOT IMPLEMENTED
Feb 15, 2018 13:15:33.86 [5684:9396:0215/131533.861:ERROR:process_metrics.cc(105)] NOT IMPLEMENTED
Feb 15, 2018 13:15:33.86 [5684:9396:0215/131533.861:ERROR:process_metrics.cc(105)] NOT IMPLEMENTED
Feb 15, 2018 13:15:33.86 [5684:9396:0215/131533.861:ERROR:process_metrics.cc(105)] NOT IMPLEMENTED
Feb 15, 2018 13:16:43.43 [8636:8320:0215/131643.421:ERROR:connection_factory_impl.cc(381)] Failed to connect to MCS endpoint with error -106
Feb 15, 2018 13:16:43.43 [8636:8320:0215/131643.436:ERROR:checkin_request.cc(211)] Failed to get checkin response. Fetcher failed. Retrying.
Feb 15, 2018 13:17:04.11 [8636:8320:0215/131704.115:ERROR:connection_factory_impl.cc(381)] Failed to connect to MCS endpoint with error -106
Feb 15, 2018 13:17:09.30 [8636:8320:0215/131709.303:ERROR:checkin_request.cc(211)] Failed to get checkin response. Fetcher failed. Retrying.
Feb 15, 2018 13:17:51.30 [8636:8320:0215/131751.306:ERROR:connection_factory_impl.cc(381)] Failed to connect to MCS endpoint with error -106
Feb 15, 2018 13:18:07.74 [8636:8320:0215/131807.747:ERROR:checkin_request.cc(211)] Failed to get checkin response. Fetcher failed. Retrying.
Feb 15, 2018 13:18:43.45 [8636:8320:0215/131843.454:ERROR:process_metrics.cc(105)] NOT IMPLEMENTED
Feb 15, 2018 13:18:43.45 [8636:8320:0215/131843.454:ERROR:process_metrics.cc(105)] NOT IMPLEMENTED
Feb 15, 2018 13:18:43.45 [8636:8320:0215/131843.454:ERROR:process_metrics.cc(105)] NOT IMPLEMENTED
Feb 15, 2018 13:18:43.45 [8636:8320:0215/131843.454:ERROR:process_metrics.cc(105)] NOT IMPLEMENTED
Feb 15, 2018 13:18:43.45 [8636:8320:0215/131843.454:ERROR:process_metrics.cc(105)] NOT IMPLEMENTED
Feb 15, 2018 13:19:20.85 [8636:8320:0215/131920.857:ERROR:connection_factory_impl.cc(381)] Failed to connect to MCS endpoint with error -106
Feb 15, 2018 13:19:33.95 [8636:8320:0215/131933.954:ERROR:checkin_request.cc(211)] Failed to get checkin response. Fetcher failed. Retrying.
Feb 15, 2018 13:20:43.45 [8636:8320:0215/132043.458:ERROR:process_metrics.cc(105)] NOT IMPLEMENTED
Feb 15, 2018 13:20:43.45 [8636:8320:0215/132043.458:ERROR:process_metrics.cc(105)] NOT IMPLEMENTED
Feb 15, 2018 13:20:43.45 [8636:8320:0215/132043.458:ERROR:process_metrics.cc(105)] NOT IMPLEMENTED
Feb 15, 2018 13:20:43.45 [8636:8320:0215/132043.458:ERROR:process_metrics.cc(105)] NOT IMPLEMENTED
Feb 15, 2018 13:20:43.45 [8636:8320:0215/132043.458:ERROR:process_metrics.cc(105)] NOT IMPLEMENTED
Feb 15, 2018 13:22:15.41 [11300:4612:0215/132215.419:ERROR:connection_factory_impl.cc(381)] Failed to connect to MCS endpoint with error -106
Feb 15, 2018 13:22:15.42 [11300:4612:0215/132215.423:ERROR:checkin_request.cc(211)] Failed to get checkin response. Fetcher failed. Retrying.
Feb 15, 2018 13:22:37.76 [11300:4612:0215/132237.767:ERROR:connection_factory_impl.cc(381)] Failed to connect to MCS endpoint with error -106
Feb 15, 2018 13:22:40.25 [11300:4612:0215/132240.251:ERROR:checkin_request.cc(211)] Failed to get checkin response. Fetcher failed. Retrying.
Feb 15, 2018 13:23:18.82 [11300:4612:0215/132318.822:ERROR:connection_factory_impl.cc(381)] Failed to connect to MCS endpoint with error -106
Feb 15, 2018 13:23:22.38 [11300:4612:0215/132322.386:ERROR:checkin_request.cc(211)] Failed to get checkin response. Fetcher failed. Retrying.
Feb 15, 2018 13:24:14.87 [11300:4612:0215/132414.877:ERROR:process_metrics.cc(105)] NOT IMPLEMENTED
Feb 15, 2018 13:24:14.87 [11300:4612:0215/132414.877:ERROR:process_metrics.cc(105)] NOT IMPLEMENTED
Feb 15, 2018 13:24:14.87 [11300:4612:0215/132414.877:ERROR:process_metrics.cc(105)] NOT IMPLEMENTED
Feb 15, 2018 13:24:14.87 [11300:4612:0215/132414.877:ERROR:process_metrics.cc(105)] NOT IMPLEMENTED
Feb 15, 2018 13:24:14.87 [11300:4612:0215/132414.877:ERROR:process_metrics.cc(105)] NOT IMPLEMENTED
Feb 15, 2018 13:24:42.68 [11300:12400:0215/132442.687:ERROR:gcm_channel_status_request.cc(127)] GCM channel request failed.
Feb 15, 2018 13:24:43.75 [11300:4612:0215/132443.756:ERROR:checkin_request.cc(211)] Failed to get checkin response. Fetcher failed. Retrying.
Feb 15, 2018 13:24:55.77 [11300:4612:0215/132455.779:ERROR:connection_factory_impl.cc(381)] Failed to connect to MCS endpoint with error -106
Feb 15, 2018 13:25:03.14 [11300:12400:0215/132503.148:ERROR:gcm_channel_status_request.cc(127)] GCM channel request failed.
Feb 15, 2018 13:25:57.12 [11300:12400:0215/132557.126:ERROR:gcm_channel_status_request.cc(127)] GCM channel request failed.
Feb 15, 2018 13:26:14.88 [11300:4612:0215/132614.885:ERROR:process_metrics.cc(105)] NOT IMPLEMENTED
Feb 15, 2018 13:26:14.88 [11300:4612:0215/132614.885:ERROR:process_metrics.cc(105)] NOT IMPLEMENTED
Feb 15, 2018 13:26:14.88 [11300:4612:0215/132614.885:ERROR:process_metrics.cc(105)] NOT IMPLEMENTED
Feb 15, 2018 13:26:14.88 [11300:4612:0215/132614.885:ERROR:process_metrics.cc(105)] NOT IMPLEMENTED
Feb 15, 2018 13:26:14.88 [11300:4612:0215/132614.885:ERROR:process_metrics.cc(105)] NOT IMPLEMENTED
Feb 15, 2018 13:27:30.23 [11300:12400:0215/132730.234:ERROR:gcm_channel_status_request.cc(127)] GCM channel request failed.
Feb 15, 2018 13:39:50.21 [8428:5996:0215/133950.211:ERROR:connection_factory_impl.cc(381)] Failed to connect to MCS endpoint with error -106
Feb 15, 2018 13:39:50.24 [8428:5996:0215/133950.242:ERROR:checkin_request.cc(211)] Failed to get checkin response. Fetcher failed. Retrying.
Feb 15, 2018 13:40:13.89 [8428:5996:0215/134013.891:ERROR:connection_factory_impl.cc(381)] Failed to connect to MCS endpoint with error -106
Feb 15, 2018 13:40:14.29 [8428:5996:0215/134014.298:ERROR:checkin_request.cc(211)] Failed to get checkin response. Fetcher failed. Retrying.
Feb 15, 2018 13:41:00.75 [8428:5996:0215/134100.756:ERROR:connection_factory_impl.cc(381)] Failed to connect to MCS endpoint with error -106
Feb 15, 2018 13:41:08.67 [8428:5996:0215/134108.678:ERROR:checkin_request.cc(211)] Failed to get checkin response. Fetcher failed. Retrying.
Feb 15, 2018 13:41:50.35 [8428:5996:0215/134150.359:ERROR:process_metrics.cc(105)] NOT IMPLEMENTED
Feb 15, 2018 13:41:50.35 [8428:5996:0215/134150.359:ERROR:process_metrics.cc(105)] NOT IMPLEMENTED
Feb 15, 2018 13:41:50.35 [8428:5996:0215/134150.359:ERROR:process_metrics.cc(105)] NOT IMPLEMENTED
Feb 15, 2018 13:41:50.35 [8428:5996:0215/134150.359:ERROR:process_metrics.cc(105)] NOT IMPLEMENTED
Feb 15, 2018 13:41:50.35 [8428:5996:0215/134150.359:ERROR:process_metrics.cc(105)] NOT IMPLEMENTED
Feb 15, 2018 13:42:22.14 [8428:5996:0215/134222.143:ERROR:connection_factory_impl.cc(381)] Failed to connect to MCS endpoint with error -106
Feb 15, 2018 13:42:54.59 [8428:5996:0215/134254.597:ERROR:checkin_request.cc(211)] Failed to get checkin response. Fetcher failed. Retrying.
Feb 15, 2018 13:43:50.36 [8428:5996:0215/134350.364:ERROR:process_metrics.cc(105)] NOT IMPLEMENTED
Feb 15, 2018 13:43:50.36 [8428:5996:0215/134350.365:ERROR:process_metrics.cc(105)] NOT IMPLEMENTED
Feb 15, 2018 13:43:50.36 [8428:5996:0215/134350.365:ERROR:process_metrics.cc(105)] NOT IMPLEMENTED
Feb 15, 2018 13:43:50.36 [8428:5996:0215/134350.365:ERROR:process_metrics.cc(105)] NOT IMPLEMENTED
Feb 15, 2018 13:43:50.37 [8428:5996:0215/134350.365:ERROR:process_metrics.cc(105)] NOT IMPLEMENTED
Feb 15, 2018 13:45:13.06 [8428:9176:0215/134513.064:ERROR:gcm_channel_status_request.cc(127)] GCM channel request failed.
Feb 15, 2018 13:45:40.98 [8428:9176:0215/134540.984:ERROR:gcm_channel_status_request.cc(127)] GCM channel request failed.
Feb 15, 2018 13:45:50.36 [8428:5996:0215/134550.366:ERROR:process_metrics.cc(105)] NOT IMPLEMENTED
Feb 15, 2018 13:45:50.36 [8428:5996:0215/134550.366:ERROR:process_metrics.cc(105)] NOT IMPLEMENTED
Feb 15, 2018 13:45:50.36 [8428:5996:0215/134550.366:ERROR:process_metrics.cc(105)] NOT IMPLEMENTED
Feb 15, 2018 13:45:50.36 [8428:5996:0215/134550.366:ERROR:process_metrics.cc(105)] NOT IMPLEMENTED
Feb 15, 2018 13:45:50.36 [8428:5996:0215/134550.366:ERROR:process_metrics.cc(105)] NOT IMPLEMENTED
Feb 15, 2018 13:45:53.03 [8428:5996:0215/134553.038:ERROR:connection_factory_impl.cc(381)] Failed to connect to MCS endpoint with error -106
Feb 15, 2018 13:46:04.32 [8428:5996:0215/134604.329:ERROR:checkin_request.cc(211)] Failed to get checkin response. Fetcher failed. Retrying.
Feb 15, 2018 13:46:25.42 [8428:9176:0215/134625.420:ERROR:gcm_channel_status_request.cc(127)] GCM channel request failed.
Feb 15, 2018 13:47:48.13 [8428:9176:0215/134748.137:ERROR:gcm_channel_status_request.cc(127)] GCM channel request failed.
Feb 15, 2018 13:47:50.37 [8428:5996:0215/134750.372:ERROR:process_metrics.cc(105)] NOT IMPLEMENTED
Feb 15, 2018 13:47:50.37 [8428:5996:0215/134750.372:ERROR:process_metrics.cc(105)] NOT IMPLEMENTED
Feb 15, 2018 13:47:50.37 [8428:5996:0215/134750.372:ERROR:process_metrics.cc(105)] NOT IMPLEMENTED
Feb 15, 2018 13:47:50.37 [8428:5996:0215/134750.372:ERROR:process_metrics.cc(105)] NOT IMPLEMENTED
Feb 15, 2018 13:47:50.37 [8428:5996:0215/134750.372:ERROR:process_metrics.cc(105)] NOT IMPLEMENTED
Feb 15, 2018 13:47:50.37 [8428:5996:0215/134750.372:ERROR:process_metrics.cc(105)] NOT IMPLEMENTED
Feb 15, 2018 13:49:50.37 [8428:5996:0215/134950.378:ERROR:process_metrics.cc(105)] NOT IMPLEMENTED
Feb 15, 2018 13:49:50.37 [8428:5996:0215/134950.378:ERROR:process_metrics.cc(105)] NOT IMPLEMENTED
Feb 15, 2018 13:49:50.37 [8428:5996:0215/134950.378:ERROR:process_metrics.cc(105)] NOT IMPLEMENTED
Feb 15, 2018 13:49:50.37 [8428:5996:0215/134950.378:ERROR:process_metrics.cc(105)] NOT IMPLEMENTED
Feb 15, 2018 13:49:50.37 [8428:5996:0215/134950.378:ERROR:process_metrics.cc(105)] NOT IMPLEMENTED
Feb 15, 2018 13:50:29.50 [8068:11912:0215/135029.502:ERROR:connection_factory_impl.cc(381)] Failed to connect to MCS endpoint with error -106
Feb 15, 2018 13:50:29.50 [8068:11912:0215/135029.502:ERROR:checkin_request.cc(211)] Failed to get checkin response. Fetcher failed. Retrying.
Feb 15, 2018 13:50:52.43 [8068:11912:0215/135052.431:ERROR:checkin_request.cc(211)] Failed to get checkin response. Fetcher failed. Retrying.
Feb 15, 2018 13:50:55.91 [8068:11912:0215/135055.915:ERROR:connection_factory_impl.cc(381)] Failed to connect to MCS endpoint with error -106
Feb 15, 2018 13:51:37.59 [8068:11912:0215/135137.593:ERROR:checkin_request.cc(211)] Failed to get checkin response. Fetcher failed. Retrying.
Feb 15, 2018 13:51:38.09 [8068:11912:0215/135138.093:ERROR:connection_factory_impl.cc(381)] Failed to connect to MCS endpoint with error -106
Feb 15, 2018 13:52:29.45 [8068:11912:0215/135229.454:ERROR:process_metrics.cc(105)] NOT IMPLEMENTED
Feb 15, 2018 13:52:29.45 [8068:11912:0215/135229.454:ERROR:process_metrics.cc(105)] NOT IMPLEMENTED
Feb 15, 2018 13:52:29.45 [8068:11912:0215/135229.454:ERROR:process_metrics.cc(105)] NOT IMPLEMENTED
Feb 15, 2018 13:52:29.45 [8068:11912:0215/135229.454:ERROR:process_metrics.cc(105)] NOT IMPLEMENTED
Feb 15, 2018 13:52:29.45 [8068:11912:0215/135229.454:ERROR:process_metrics.cc(105)] NOT IMPLEMENTED
Feb 15, 2018 13:52:59.38 [8068:11912:0215/135259.380:ERROR:connection_factory_impl.cc(381)] Failed to connect to MCS endpoint with error -106
Feb 15, 2018 13:53:14.55 [8068:11912:0215/135314.554:ERROR:checkin_request.cc(211)] Failed to get checkin response. Fetcher failed. Retrying.
Feb 15, 2018 13:54:29.49 [8068:11912:0215/135429.499:ERROR:process_metrics.cc(105)] NOT IMPLEMENTED
Feb 15, 2018 13:54:29.49 [8068:11912:0215/135429.499:ERROR:process_metrics.cc(105)] NOT IMPLEMENTED
Feb 15, 2018 13:54:29.49 [8068:11912:0215/135429.499:ERROR:process_metrics.cc(105)] NOT IMPLEMENTED
Feb 15, 2018 13:54:29.51 [8068:11912:0215/135429.499:ERROR:process_metrics.cc(105)] NOT IMPLEMENTED
Feb 15, 2018 13:54:29.51 [8068:11912:0215/135429.499:ERROR:process_metrics.cc(105)] NOT IMPLEMENTED
Feb 15, 2018 14:14:31.48 [8068:11912:0215/141431.483:ERROR:checkin_request.cc(211)] Failed to get checkin response. Fetcher failed. Retrying.
Feb 15, 2018 14:14:32.70 [8068:11912:0215/141431.483:ERROR:connection_factory_impl.cc(381)] Failed to connect to MCS endpoint with error -106
Feb 15, 2018 14:14:37.75 [8068:2624:0215/141437.758:ERROR:gcm_channel_status_request.cc(127)] GCM channel request failed.
Feb 15, 2018 14:14:37.78 [8068:11912:0215/141437.780:ERROR:process_metrics.cc(105)] NOT IMPLEMENTED
Feb 15, 2018 14:14:37.78 [8068:11912:0215/141437.783:ERROR:process_metrics.cc(105)] NOT IMPLEMENTED
Feb 15, 2018 14:14:37.78 [8068:11912:0215/141437.785:ERROR:process_metrics.cc(105)] NOT IMPLEMENTED
Feb 15, 2018 14:14:37.78 [8068:11912:0215/141437.785:ERROR:process_metrics.cc(105)] NOT IMPLEMENTED
Feb 15, 2018 14:14:37.79 [8068:11912:0215/141437.785:ERROR:process_metrics.cc(105)] NOT IMPLEMENTED
Feb 15, 2018 14:15:00.85 [8068:2624:0215/141500.850:ERROR:gcm_channel_status_request.cc(127)] GCM channel request failed.
Feb 15, 2018 14:15:59.31 [8068:2624:0215/141559.310:ERROR:gcm_channel_status_request.cc(127)] GCM channel request failed.
Feb 15, 2018 14:16:37.98 [8068:11912:0215/141637.987:ERROR:process_metrics.cc(105)] NOT IMPLEMENTED
Feb 15, 2018 14:16:37.98 [8068:11912:0215/141637.987:ERROR:process_metrics.cc(105)] NOT IMPLEMENTED
Feb 15, 2018 14:16:37.98 [8068:11912:0215/141637.987:ERROR:process_metrics.cc(105)] NOT IMPLEMENTED
Feb 15, 2018 14:16:37.98 [8068:11912:0215/141637.987:ERROR:process_metrics.cc(105)] NOT IMPLEMENTED
Feb 15, 2018 14:16:37.98 [8068:11912:0215/141637.987:ERROR:process_metrics.cc(105)] NOT IMPLEMENTED
Feb 15, 2018 14:17:22.33 [8068:2624:0215/141722.334:ERROR:gcm_channel_status_request.cc(127)] GCM channel request failed.
Feb 15, 2018 14:18:38.00 [8068:11912:0215/141838.003:ERROR:process_metrics.cc(105)] NOT IMPLEMENTED
Feb 15, 2018 14:18:38.00 [8068:11912:0215/141838.003:ERROR:process_metrics.cc(105)] NOT IMPLEMENTED
Feb 15, 2018 14:18:38.00 [8068:11912:0215/141838.003:ERROR:process_metrics.cc(105)] NOT IMPLEMENTED
Feb 15, 2018 14:18:38.00 [8068:11912:0215/141838.003:ERROR:process_metrics.cc(105)] NOT IMPLEMENTED
Feb 15, 2018 14:18:38.00 [8068:11912:0215/141838.003:ERROR:process_metrics.cc(105)] NOT IMPLEMENTED
Feb 15, 2018 14:20:38.01 [8068:11912:0215/142038.017:ERROR:process_metrics.cc(105)] NOT IMPLEMENTED
Feb 15, 2018 14:20:38.01 [8068:11912:0215/142038.017:ERROR:process_metrics.cc(105)] NOT IMPLEMENTED
Feb 15, 2018 14:20:38.01 [8068:11912:0215/142038.017:ERROR:process_metrics.cc(105)] NOT IMPLEMENTED
Feb 15, 2018 14:20:38.03 [8068:11912:0215/142038.017:ERROR:process_metrics.cc(105)] NOT IMPLEMENTED
Feb 15, 2018 14:20:38.03 [8068:11912:0215/142038.017:ERROR:process_metrics.cc(105)] NOT IMPLEMENTED
Feb 15, 2018 14:20:44.79 [8068:2624:0215/142044.799:ERROR:gcm_channel_status_request.cc(127)] GCM channel request failed.
Feb 15, 2018 14:20:48.83 [8068:11912:0215/142048.831:ERROR:connection_factory_impl.cc(381)] Failed to connect to MCS endpoint with error -106
Feb 15, 2018 14:22:22.07 [8068:11912:0215/142222.079:ERROR:checkin_request.cc(211)] Failed to get checkin response. Fetcher failed. Retrying.
Feb 15, 2018 14:22:38.03 [8068:11912:0215/142238.034:ERROR:process_metrics.cc(105)] NOT IMPLEMENTED
Feb 15, 2018 14:22:38.03 [8068:11912:0215/142238.034:ERROR:process_metrics.cc(105)] NOT IMPLEMENTED
Feb 15, 2018 14:22:38.03 [8068:11912:0215/142238.034:ERROR:process_metrics.cc(105)] NOT IMPLEMENTED
Feb 15, 2018 14:22:38.03 [8068:11912:0215/142238.034:ERROR:process_metrics.cc(105)] NOT IMPLEMENTED
Feb 15, 2018 14:22:38.03 [8068:11912:0215/142238.034:ERROR:process_metrics.cc(105)] NOT IMPLEMENTED
Feb 15, 2018 14:24:38.04 [8068:11912:0215/142438.049:ERROR:process_metrics.cc(105)] NOT IMPLEMENTED
Feb 15, 2018 14:24:38.04 [8068:11912:0215/142438.049:ERROR:process_metrics.cc(105)] NOT IMPLEMENTED
Feb 15, 2018 14:24:38.04 [8068:11912:0215/142438.049:ERROR:process_metrics.cc(105)] NOT IMPLEMENTED
Feb 15, 2018 14:24:38.04 [8068:11912:0215/142438.049:ERROR:process_metrics.cc(105)] NOT IMPLEMENTED
Feb 15, 2018 14:24:38.04 [8068:11912:0215/142438.049:ERROR:process_metrics.cc(105)] NOT IMPLEMENTED
Feb 15, 2018 14:26:13.43 [8068:2624:0215/142613.439:ERROR:gcm_channel_status_request.cc(127)] GCM channel request failed.
Feb 15, 2018 14:26:38.05 [8068:11912:0215/142638.054:ERROR:process_metrics.cc(105)] NOT IMPLEMENTED
Feb 15, 2018 14:26:38.05 [8068:11912:0215/142638.054:ERROR:process_metrics.cc(105)] NOT IMPLEMENTED
Feb 15, 2018 14:26:38.05 [8068:11912:0215/142638.054:ERROR:process_metrics.cc(105)] NOT IMPLEMENTED
Feb 15, 2018 14:26:38.05 [8068:11912:0215/142638.054:ERROR:process_metrics.cc(105)] NOT IMPLEMENTED
Feb 15, 2018 14:26:38.05 [8068:11912:0215/142638.054:ERROR:process_metrics.cc(105)] NOT IMPLEMENTED
Feb 15, 2018 14:26:38.05 [8068:11912:0215/142638.054:ERROR:process_metrics.cc(105)] NOT IMPLEMENTED
Feb 15, 2018 14:30:33.68 [2412:12372:0215/143033.681:ERROR:connection_factory_impl.cc(381)] Failed to connect to MCS endpoint with error -106
Feb 15, 2018 14:30:33.86 [2412:12372:0215/143033.869:ERROR:checkin_request.cc(211)] Failed to get checkin response. Fetcher failed. Retrying.
Feb 15, 2018 14:30:57.92 [2412:12372:0215/143057.921:ERROR:checkin_request.cc(211)] Failed to get checkin response. Fetcher failed. Retrying.
Feb 15, 2018 14:30:59.92 [2412:12372:0215/143059.925:ERROR:connection_factory_impl.cc(381)] Failed to connect to MCS endpoint with error -106
Feb 15, 2018 14:31:45.79 [2412:12372:0215/143145.793:ERROR:connection_factory_impl.cc(381)] Failed to connect to MCS endpoint with error -106
Feb 15, 2018 14:31:48.02 [2412:12372:0215/143148.028:ERROR:checkin_request.cc(211)] Failed to get checkin response. Fetcher failed. Retrying.

Feb 16, 2018 11:01:10.55 NEW SESSION
Feb 16, 2018 11:01:10.55 [3624:13292:0216/110110.552:ERROR:connection_factory_impl.cc(381)] Failed to connect to MCS endpoint with error -106
Feb 16, 2018 11:01:12.13 [3624:13292:0216/110112.132:ERROR:checkin_request.cc(211)] Failed to get checkin response. Fetcher failed. Retrying.
Feb 16, 2018 11:01:31.49 [3624:13292:0216/110131.491:ERROR:connection_factory_impl.cc(381)] Failed to connect to MCS endpoint with error -106
Feb 16, 2018 11:01:39.88 [3624:13292:0216/110139.882:ERROR:checkin_request.cc(211)] Failed to get checkin response. Fetcher failed. Retrying.
Feb 16, 2018 11:02:36.70 [10108:7228:0216/110236.700:ERROR:connection_factory_impl.cc(381)] Failed to connect to MCS endpoint with error -106
Feb 16, 2018 11:02:36.70 [10108:7228:0216/110236.701:ERROR:checkin_request.cc(211)] Failed to get checkin response. Fetcher failed. Retrying.
Feb 16, 2018 11:03:04.07 [10108:7228:0216/110304.075:ERROR:checkin_request.cc(211)] Failed to get checkin response. Fetcher failed. Retrying.
Feb 16, 2018 11:03:04.08 [10108:7228:0216/110304.083:ERROR:connection_factory_impl.cc(381)] Failed to connect to MCS endpoint with error -106
Feb 16, 2018 11:03:48.78 [10108:7228:0216/110348.780:ERROR:connection_factory_impl.cc(381)] Failed to connect to MCS endpoint with error -106
Feb 16, 2018 11:04:01.78 [10108:7228:0216/110401.783:ERROR:checkin_request.cc(211)] Failed to get checkin response. Fetcher failed. Retrying.
Feb 16, 2018 11:04:36.37 [10108:7228:0216/110436.378:ERROR:process_metrics.cc(105)] NOT IMPLEMENTED
Feb 16, 2018 11:04:36.38 [10108:7228:0216/110436.379:ERROR:process_metrics.cc(105)] NOT IMPLEMENTED
Feb 16, 2018 11:04:36.38 [10108:7228:0216/110436.379:ERROR:process_metrics.cc(105)] NOT IMPLEMENTED
Feb 16, 2018 11:04:36.38 [10108:7228:0216/110436.379:ERROR:process_metrics.cc(105)] NOT IMPLEMENTED
Feb 16, 2018 11:04:36.38 [10108:7228:0216/110436.379:ERROR:process_metrics.cc(105)] NOT IMPLEMENTED
Feb 16, 2018 11:05:35.58 [10108:7228:0216/110535.587:ERROR:connection_factory_impl.cc(381)] Failed to connect to MCS endpoint with error -106
Feb 16, 2018 11:05:40.37 [10108:7228:0216/110540.376:ERROR:checkin_request.cc(211)] Failed to get checkin response. Fetcher failed. Retrying.
Feb 16, 2018 11:06:36.38 [10108:7228:0216/110636.381:ERROR:process_metrics.cc(105)] NOT IMPLEMENTED
Feb 16, 2018 11:06:36.38 [10108:7228:0216/110636.381:ERROR:process_metrics.cc(105)] NOT IMPLEMENTED
Feb 16, 2018 11:06:36.38 [10108:7228:0216/110636.381:ERROR:process_metrics.cc(105)] NOT IMPLEMENTED
Feb 16, 2018 11:06:36.39 [10108:7228:0216/110636.381:ERROR:process_metrics.cc(105)] NOT IMPLEMENTED
Feb 16, 2018 11:06:36.39 [10108:7228:0216/110636.381:ERROR:process_metrics.cc(105)] NOT IMPLEMENTED
Feb 16, 2018 11:08:26.08 [10108:7228:0216/110826.085:ERROR:checkin_request.cc(211)] Failed to get checkin response. Fetcher failed. Retrying.
Feb 16, 2018 11:08:36.38 [10108:7228:0216/110836.384:ERROR:process_metrics.cc(105)] NOT IMPLEMENTED
Feb 16, 2018 11:08:36.38 [10108:7228:0216/110836.384:ERROR:process_metrics.cc(105)] NOT IMPLEMENTED
Feb 16, 2018 11:08:36.38 [10108:7228:0216/110836.384:ERROR:process_metrics.cc(105)] NOT IMPLEMENTED
Feb 16, 2018 11:08:36.39 [10108:7228:0216/110836.384:ERROR:process_metrics.cc(105)] NOT IMPLEMENTED
Feb 16, 2018 11:08:36.39 [10108:7228:0216/110836.384:ERROR:process_metrics.cc(105)] NOT IMPLEMENTED
Feb 16, 2018 11:09:00.80 [10108:7228:0216/110900.806:ERROR:connection_factory_impl.cc(381)] Failed to connect to MCS endpoint with error -106
Feb 16, 2018 11:10:36.38 [10108:7228:0216/111036.385:ERROR:process_metrics.cc(105)] NOT IMPLEMENTED
Feb 16, 2018 11:10:36.38 [10108:7228:0216/111036.385:ERROR:process_metrics.cc(105)] NOT IMPLEMENTED
Feb 16, 2018 11:10:36.38 [10108:7228:0216/111036.385:ERROR:process_metrics.cc(105)] NOT IMPLEMENTED
Feb 16, 2018 11:10:36.39 [10108:7228:0216/111036.385:ERROR:process_metrics.cc(105)] NOT IMPLEMENTED
Feb 16, 2018 11:10:36.39 [10108:7228:0216/111036.385:ERROR:process_metrics.cc(105)] NOT IMPLEMENTED
Feb 16, 2018 11:12:36.39 [10108:7228:0216/111236.392:ERROR:process_metrics.cc(105)] NOT IMPLEMENTED
Feb 16, 2018 11:12:36.39 [10108:7228:0216/111236.396:ERROR:process_metrics.cc(105)] NOT IMPLEMENTED
Feb 16, 2018 11:12:36.39 [10108:7228:0216/111236.396:ERROR:process_metrics.cc(105)] NOT IMPLEMENTED
Feb 16, 2018 11:12:36.39 [10108:7228:0216/111236.396:ERROR:process_metrics.cc(105)] NOT IMPLEMENTED
Feb 16, 2018 11:12:36.39 [10108:7228:0216/111236.396:ERROR:process_metrics.cc(105)] NOT IMPLEMENTED
Feb 16, 2018 11:14:36.39 [10108:7228:0216/111436.397:ERROR:process_metrics.cc(105)] NOT IMPLEMENTED
Feb 16, 2018 11:14:36.40 [10108:7228:0216/111436.397:ERROR:process_metrics.cc(105)] NOT IMPLEMENTED
Feb 16, 2018 11:14:36.40 [10108:7228:0216/111436.397:ERROR:process_metrics.cc(105)] NOT IMPLEMENTED
Feb 16, 2018 11:14:36.40 [10108:7228:0216/111436.397:ERROR:process_metrics.cc(105)] NOT IMPLEMENTED
Feb 16, 2018 11:14:36.40 [10108:7228:0216/111436.397:ERROR:process_metrics.cc(105)] NOT IMPLEMENTED
Feb 16, 2018 11:14:44.31 [10108:760:0216/111444.312:ERROR:gcm_channel_status_request.cc(127)] GCM channel request failed.
Feb 16, 2018 11:15:08.77 [10108:760:0216/111508.775:ERROR:gcm_channel_status_request.cc(127)] GCM channel request failed.
Feb 16, 2018 11:15:19.26 [10108:7228:0216/111519.266:ERROR:checkin_request.cc(211)] Failed to get checkin response. Fetcher failed. Retrying.
Feb 16, 2018 11:15:56.90 [10108:760:0216/111556.903:ERROR:gcm_channel_status_request.cc(127)] GCM channel request failed.
Feb 16, 2018 11:16:05.48 [10108:7228:0216/111605.489:ERROR:connection_factory_impl.cc(381)] Failed to connect to MCS endpoint with error -106
Feb 16, 2018 11:16:36.40 [10108:7228:0216/111636.399:ERROR:process_metrics.cc(105)] NOT IMPLEMENTED
Feb 16, 2018 11:16:36.40 [10108:7228:0216/111636.399:ERROR:process_metrics.cc(105)] NOT IMPLEMENTED
Feb 16, 2018 11:16:36.40 [10108:7228:0216/111636.399:ERROR:process_metrics.cc(105)] NOT IMPLEMENTED
Feb 16, 2018 11:16:36.40 [10108:7228:0216/111636.399:ERROR:process_metrics.cc(105)] NOT IMPLEMENTED
Feb 16, 2018 11:16:36.40 [10108:7228:0216/111636.399:ERROR:process_metrics.cc(105)] NOT IMPLEMENTED
Feb 16, 2018 11:16:36.41 [10108:7228:0216/111636.399:ERROR:process_metrics.cc(105)] NOT IMPLEMENTED
Feb 16, 2018 11:17:48.27 [10108:760:0216/111748.274:ERROR:gcm_channel_status_request.cc(127)] GCM channel request failed.
Feb 16, 2018 11:18:36.40 [10108:7228:0216/111836.400:ERROR:process_metrics.cc(105)] NOT IMPLEMENTED
Feb 16, 2018 11:18:36.40 [10108:7228:0216/111836.400:ERROR:process_metrics.cc(105)] NOT IMPLEMENTED
Feb 16, 2018 11:18:36.40 [10108:7228:0216/111836.400:ERROR:process_metrics.cc(105)] NOT IMPLEMENTED
Feb 16, 2018 11:18:36.40 [10108:7228:0216/111836.400:ERROR:process_metrics.cc(105)] NOT IMPLEMENTED
Feb 16, 2018 11:18:36.40 [10108:7228:0216/111836.400:ERROR:process_metrics.cc(105)] NOT IMPLEMENTED
Feb 16, 2018 11:18:36.41 [10108:7228:0216/111836.400:ERROR:process_metrics.cc(105)] NOT IMPLEMENTED
Feb 16, 2018 11:20:36.40 [10108:7228:0216/112036.401:ERROR:process_metrics.cc(105)] NOT IMPLEMENTED
Feb 16, 2018 11:20:36.40 [10108:7228:0216/112036.402:ERROR:process_metrics.cc(105)] NOT IMPLEMENTED
Feb 16, 2018 11:20:36.40 [10108:7228:0216/112036.402:ERROR:process_metrics.cc(105)] NOT IMPLEMENTED
Feb 16, 2018 11:20:36.40 [10108:7228:0216/112036.402:ERROR:process_metrics.cc(105)] NOT IMPLEMENTED
Feb 16, 2018 11:20:36.41 [10108:7228:0216/112036.402:ERROR:process_metrics.cc(105)] NOT IMPLEMENTED
Feb 16, 2018 11:20:50.36 [10108:760:0216/112050.367:ERROR:gcm_channel_status_request.cc(127)] GCM channel request failed.
Feb 16, 2018 11:22:36.40 [10108:7228:0216/112236.403:ERROR:process_metrics.cc(105)] NOT IMPLEMENTED
Feb 16, 2018 11:22:36.40 [10108:7228:0216/112236.403:ERROR:process_metrics.cc(105)] NOT IMPLEMENTED
Feb 16, 2018 11:22:36.40 [10108:7228:0216/112236.403:ERROR:process_metrics.cc(105)] NOT IMPLEMENTED
Feb 16, 2018 11:22:36.40 [10108:7228:0216/112236.404:ERROR:process_metrics.cc(105)] NOT IMPLEMENTED
Feb 16, 2018 11:22:36.41 [10108:7228:0216/112236.404:ERROR:process_metrics.cc(105)] NOT IMPLEMENTED
Feb 16, 2018 11:24:36.45 [10108:7228:0216/112436.430:ERROR:process_metrics.cc(105)] NOT IMPLEMENTED
Feb 16, 2018 11:24:36.52 [10108:7228:0216/112436.434:ERROR:process_metrics.cc(105)] NOT IMPLEMENTED
Feb 16, 2018 11:24:36.53 [10108:7228:0216/112436.434:ERROR:process_metrics.cc(105)] NOT IMPLEMENTED
Feb 16, 2018 11:24:36.53 [10108:7228:0216/112436.434:ERROR:process_metrics.cc(105)] NOT IMPLEMENTED
Feb 16, 2018 11:24:36.53 [10108:7228:0216/112436.434:ERROR:process_metrics.cc(105)] NOT IMPLEMENTED
Feb 16, 2018 11:25:19.36 [10108:7228:0216/112519.366:ERROR:checkin_request.cc(211)] Failed to get checkin response. Fetcher failed. Retrying.
Feb 16, 2018 11:26:05.54 [10108:7228:0216/112605.546:ERROR:connection_factory_impl.cc(381)] Failed to connect to MCS endpoint with error -106
Feb 16, 2018 11:26:36.43 [10108:7228:0216/112636.434:ERROR:process_metrics.cc(105)] NOT IMPLEMENTED
Feb 16, 2018 11:26:36.56 [10108:7228:0216/112636.434:ERROR:process_metrics.cc(105)] NOT IMPLEMENTED
Feb 16, 2018 11:26:36.56 [10108:7228:0216/112636.434:ERROR:process_metrics.cc(105)] NOT IMPLEMENTED
Feb 16, 2018 11:26:36.56 [10108:7228:0216/112636.434:ERROR:process_metrics.cc(105)] NOT IMPLEMENTED
Feb 16, 2018 11:26:36.57 [10108:7228:0216/112636.434:ERROR:process_metrics.cc(105)] NOT IMPLEMENTED
Feb 16, 2018 11:26:52.08 [10108:760:0216/112652.079:ERROR:gcm_channel_status_request.cc(127)] GCM channel request failed.
Feb 16, 2018 11:27:09.79 [10108:760:0216/112709.794:ERROR:CONSOLE(696)] "Uncaught Error: No setting registered: showAdvancedHeapSnapshotProperties", source: chrome-devtools://devtools/bundled/inspector.js (696)
Feb 16, 2018 11:28:36.43 [10108:7228:0216/112836.435:ERROR:process_metrics.cc(105)] NOT IMPLEMENTED
Feb 16, 2018 11:28:36.43 [10108:7228:0216/112836.435:ERROR:process_metrics.cc(105)] NOT IMPLEMENTED
Feb 16, 2018 11:28:36.43 [10108:7228:0216/112836.435:ERROR:process_metrics.cc(105)] NOT IMPLEMENTED
Feb 16, 2018 11:28:36.43 [10108:7228:0216/112836.435:ERROR:process_metrics.cc(105)] NOT IMPLEMENTED
Feb 16, 2018 11:28:36.44 [10108:7228:0216/112836.435:ERROR:process_metrics.cc(105)] NOT IMPLEMENTED
Feb 16, 2018 11:28:36.44 [10108:7228:0216/112836.435:ERROR:process_metrics.cc(105)] NOT IMPLEMENTED
Feb 16, 2018 11:30:36.43 [10108:7228:0216/113036.437:ERROR:process_metrics.cc(105)] NOT IMPLEMENTED
Feb 16, 2018 11:30:36.44 [10108:7228:0216/113036.437:ERROR:process_metrics.cc(105)] NOT IMPLEMENTED
Feb 16, 2018 11:30:36.44 [10108:7228:0216/113036.437:ERROR:process_metrics.cc(105)] NOT IMPLEMENTED
Feb 16, 2018 11:30:36.44 [10108:7228:0216/113036.437:ERROR:process_metrics.cc(105)] NOT IMPLEMENTED
Feb 16, 2018 11:30:36.44 [10108:7228:0216/113036.438:ERROR:process_metrics.cc(105)] NOT IMPLEMENTED
Feb 16, 2018 11:30:36.44 [10108:7228:0216/113036.438:ERROR:process_metrics.cc(105)] NOT IMPLEMENTED
Feb 16, 2018 11:32:36.43 [10108:7228:0216/113236.438:ERROR:process_metrics.cc(105)] NOT IMPLEMENTED
Feb 16, 2018 11:32:36.44 [10108:7228:0216/113236.438:ERROR:process_metrics.cc(105)] NOT IMPLEMENTED
Feb 16, 2018 11:32:36.44 [10108:7228:0216/113236.438:ERROR:process_metrics.cc(105)] NOT IMPLEMENTED
Feb 16, 2018 11:32:36.44 [10108:7228:0216/113236.438:ERROR:process_metrics.cc(105)] NOT IMPLEMENTED
Feb 16, 2018 11:32:36.44 [10108:7228:0216/113236.438:ERROR:process_metrics.cc(105)] NOT IMPLEMENTED
Feb 16, 2018 11:32:36.44 [10108:7228:0216/113236.438:ERROR:process_metrics.cc(105)] NOT IMPLEMENTED
Feb 16, 2018 11:34:36.47 [10108:7228:0216/113436.474:ERROR:process_metrics.cc(105)] NOT IMPLEMENTED
Feb 16, 2018 11:34:36.47 [10108:7228:0216/113436.474:ERROR:process_metrics.cc(105)] NOT IMPLEMENTED
Feb 16, 2018 11:34:36.48 [10108:7228:0216/113436.474:ERROR:process_metrics.cc(105)] NOT IMPLEMENTED
Feb 16, 2018 11:34:36.48 [10108:7228:0216/113436.483:ERROR:process_metrics.cc(105)] NOT IMPLEMENTED
Feb 16, 2018 11:34:36.48 [10108:7228:0216/113436.483:ERROR:process_metrics.cc(105)] NOT IMPLEMENTED
Feb 16, 2018 11:34:36.48 [10108:7228:0216/113436.483:ERROR:process_metrics.cc(105)] NOT IMPLEMENTED
Feb 16, 2018 11:35:19.43 [10108:7228:0216/113519.435:ERROR:checkin_request.cc(211)] Failed to get checkin response. Fetcher failed. Retrying.
Feb 16, 2018 11:36:05.55 [10108:7228:0216/113605.552:ERROR:connection_factory_impl.cc(381)] Failed to connect to MCS endpoint with error -106
Feb 16, 2018 11:36:36.48 [10108:7228:0216/113636.485:ERROR:process_metrics.cc(105)] NOT IMPLEMENTED
Feb 16, 2018 11:36:36.48 [10108:7228:0216/113636.485:ERROR:process_metrics.cc(105)] NOT IMPLEMENTED
Feb 16, 2018 11:36:36.48 [10108:7228:0216/113636.485:ERROR:process_metrics.cc(105)] NOT IMPLEMENTED
Feb 16, 2018 11:36:36.49 [10108:7228:0216/113636.485:ERROR:process_metrics.cc(105)] NOT IMPLEMENTED
Feb 16, 2018 11:36:36.49 [10108:7228:0216/113636.485:ERROR:process_metrics.cc(105)] NOT IMPLEMENTED
Feb 16, 2018 11:36:36.49 [10108:7228:0216/113636.485:ERROR:process_metrics.cc(105)] NOT IMPLEMENTED
Feb 16, 2018 11:36:52.08 [10108:760:0216/113652.085:ERROR:gcm_channel_status_request.cc(127)] GCM channel request failed.
Feb 16, 2018 11:38:36.48 [10108:7228:0216/113836.486:ERROR:process_metrics.cc(105)] NOT IMPLEMENTED
Feb 16, 2018 11:38:36.48 [10108:7228:0216/113836.486:ERROR:process_metrics.cc(105)] NOT IMPLEMENTED
Feb 16, 2018 11:38:36.49 [10108:7228:0216/113836.486:ERROR:process_metrics.cc(105)] NOT IMPLEMENTED
Feb 16, 2018 11:38:36.49 [10108:7228:0216/113836.486:ERROR:process_metrics.cc(105)] NOT IMPLEMENTED
Feb 16, 2018 11:38:36.49 [10108:7228:0216/113836.486:ERROR:process_metrics.cc(105)] NOT IMPLEMENTED
Feb 16, 2018 11:38:36.49 [10108:7228:0216/113836.486:ERROR:process_metrics.cc(105)] NOT IMPLEMENTED
Feb 16, 2018 11:40:36.48 [10108:7228:0216/114036.488:ERROR:process_metrics.cc(105)] NOT IMPLEMENTED
Feb 16, 2018 11:40:36.48 [10108:7228:0216/114036.488:ERROR:process_metrics.cc(105)] NOT IMPLEMENTED
Feb 16, 2018 11:40:36.49 [10108:7228:0216/114036.488:ERROR:process_metrics.cc(105)] NOT IMPLEMENTED
Feb 16, 2018 11:40:36.49 [10108:7228:0216/114036.488:ERROR:process_metrics.cc(105)] NOT IMPLEMENTED
Feb 16, 2018 11:40:36.49 [10108:7228:0216/114036.488:ERROR:process_metrics.cc(105)] NOT IMPLEMENTED
Feb 16, 2018 11:40:36.49 [10108:7228:0216/114036.488:ERROR:process_metrics.cc(105)] NOT IMPLEMENTED
Feb 16, 2018 11:42:36.49 [10108:7228:0216/114236.489:ERROR:process_metrics.cc(105)] NOT IMPLEMENTED
Feb 16, 2018 11:42:36.49 [10108:7228:0216/114236.489:ERROR:process_metrics.cc(105)] NOT IMPLEMENTED
Feb 16, 2018 11:42:36.49 [10108:7228:0216/114236.489:ERROR:process_metrics.cc(105)] NOT IMPLEMENTED
Feb 16, 2018 11:42:36.49 [10108:7228:0216/114236.489:ERROR:process_metrics.cc(105)] NOT IMPLEMENTED
Feb 16, 2018 11:42:36.49 [10108:7228:0216/114236.490:ERROR:process_metrics.cc(105)] NOT IMPLEMENTED
Feb 16, 2018 11:44:36.49 [10108:7228:0216/114436.491:ERROR:process_metrics.cc(105)] NOT IMPLEMENTED
Feb 16, 2018 11:44:36.49 [10108:7228:0216/114436.493:ERROR:process_metrics.cc(105)] NOT IMPLEMENTED
Feb 16, 2018 11:44:36.49 [10108:7228:0216/114436.493:ERROR:process_metrics.cc(105)] NOT IMPLEMENTED
Feb 16, 2018 11:44:36.50 [10108:7228:0216/114436.493:ERROR:process_metrics.cc(105)] NOT IMPLEMENTED
Feb 16, 2018 11:44:36.50 [10108:7228:0216/114436.493:ERROR:process_metrics.cc(105)] NOT IMPLEMENTED
Feb 16, 2018 11:45:19.44 [10108:7228:0216/114519.442:ERROR:checkin_request.cc(211)] Failed to get checkin response. Fetcher failed. Retrying.
Feb 16, 2018 11:46:05.55 [10108:7228:0216/114605.556:ERROR:connection_factory_impl.cc(381)] Failed to connect to MCS endpoint with error -106
Feb 16, 2018 11:46:36.49 [10108:7228:0216/114636.494:ERROR:process_metrics.cc(105)] NOT IMPLEMENTED
Feb 16, 2018 11:46:36.49 [10108:7228:0216/114636.494:ERROR:process_metrics.cc(105)] NOT IMPLEMENTED
Feb 16, 2018 11:46:36.49 [10108:7228:0216/114636.494:ERROR:process_metrics.cc(105)] NOT IMPLEMENTED
Feb 16, 2018 11:46:36.50 [10108:7228:0216/114636.494:ERROR:process_metrics.cc(105)] NOT IMPLEMENTED
Feb 16, 2018 11:46:36.50 [10108:7228:0216/114636.495:ERROR:process_metrics.cc(105)] NOT IMPLEMENTED
Feb 16, 2018 11:46:52.09 [10108:760:0216/114652.090:ERROR:gcm_channel_status_request.cc(127)] GCM channel request failed.
Feb 16, 2018 11:48:36.49 [10108:7228:0216/114836.495:ERROR:process_metrics.cc(105)] NOT IMPLEMENTED
Feb 16, 2018 11:48:36.49 [10108:7228:0216/114836.495:ERROR:process_metrics.cc(105)] NOT IMPLEMENTED
Feb 16, 2018 11:48:36.49 [10108:7228:0216/114836.495:ERROR:process_metrics.cc(105)] NOT IMPLEMENTED
Feb 16, 2018 11:48:36.50 [10108:7228:0216/114836.495:ERROR:process_metrics.cc(105)] NOT IMPLEMENTED
Feb 16, 2018 11:48:36.50 [10108:7228:0216/114836.496:ERROR:process_metrics.cc(105)] NOT IMPLEMENTED
Feb 16, 2018 11:50:36.49 [10108:7228:0216/115036.497:ERROR:process_metrics.cc(105)] NOT IMPLEMENTED
Feb 16, 2018 11:50:36.50 [10108:7228:0216/115036.497:ERROR:process_metrics.cc(105)] NOT IMPLEMENTED
Feb 16, 2018 11:50:36.50 [10108:7228:0216/115036.497:ERROR:process_metrics.cc(105)] NOT IMPLEMENTED
Feb 16, 2018 11:50:36.50 [10108:7228:0216/115036.497:ERROR:process_metrics.cc(105)] NOT IMPLEMENTED
Feb 16, 2018 11:50:36.50 [10108:7228:0216/115036.498:ERROR:process_metrics.cc(105)] NOT IMPLEMENTED
Feb 16, 2018 12:55:50.82 [10108:7228:0216/125547.519:ERROR:checkin_request.cc(211)] Failed to get checkin response. Fetcher failed. Retrying.
Feb 16, 2018 12:55:51.37 [10108:7228:0216/125551.134:ERROR:connection_factory_impl.cc(381)] Failed to connect to MCS endpoint with error -106
Feb 16, 2018 12:55:59.06 [10108:7228:0216/125559.062:ERROR:process_metrics.cc(105)] NOT IMPLEMENTED
Feb 16, 2018 12:55:59.06 [10108:7228:0216/125559.062:ERROR:process_metrics.cc(105)] NOT IMPLEMENTED
Feb 16, 2018 12:55:59.07 [10108:7228:0216/125559.063:ERROR:process_metrics.cc(105)] NOT IMPLEMENTED
Feb 16, 2018 12:55:59.07 [10108:7228:0216/125559.063:ERROR:process_metrics.cc(105)] NOT IMPLEMENTED
Feb 16, 2018 12:55:59.07 [10108:7228:0216/125559.063:ERROR:process_metrics.cc(105)] NOT IMPLEMENTED
Feb 16, 2018 12:55:59.40 [10108:760:0216/125559.402:ERROR:gcm_channel_status_request.cc(127)] GCM channel request failed.
Feb 16, 2018 12:58:16.23 [10108:7228:0216/125816.231:ERROR:process_metrics.cc(105)] NOT IMPLEMENTED
Feb 16, 2018 12:58:16.84 [10108:7228:0216/125816.231:ERROR:process_metrics.cc(105)] NOT IMPLEMENTED
Feb 16, 2018 12:58:16.84 [10108:7228:0216/125816.231:ERROR:process_metrics.cc(105)] NOT IMPLEMENTED
Feb 16, 2018 12:58:16.84 [10108:7228:0216/125816.231:ERROR:process_metrics.cc(105)] NOT IMPLEMENTED
Feb 16, 2018 12:58:16.84 [10108:7228:0216/125816.231:ERROR:process_metrics.cc(105)] NOT IMPLEMENTED
Feb 16, 2018 13:00:24.68 [10108:7228:0216/130024.681:ERROR:process_metrics.cc(105)] NOT IMPLEMENTED
Feb 16, 2018 13:00:24.98 [10108:7228:0216/130024.681:ERROR:process_metrics.cc(105)] NOT IMPLEMENTED
Feb 16, 2018 13:00:24.99 [10108:7228:0216/130024.681:ERROR:process_metrics.cc(105)] NOT IMPLEMENTED
Feb 16, 2018 13:00:24.99 [10108:7228:0216/130024.681:ERROR:process_metrics.cc(105)] NOT IMPLEMENTED
Feb 16, 2018 13:00:24.99 [10108:7228:0216/130024.681:ERROR:process_metrics.cc(105)] NOT IMPLEMENTED
Feb 16, 2018 13:00:24.99 [10108:7228:0216/130024.681:ERROR:process_metrics.cc(105)] NOT IMPLEMENTED
Feb 16, 2018 13:02:24.71 [10108:7228:0216/130224.684:ERROR:process_metrics.cc(105)] NOT IMPLEMENTED
Feb 16, 2018 13:02:24.72 [10108:7228:0216/130224.684:ERROR:process_metrics.cc(105)] NOT IMPLEMENTED
Feb 16, 2018 13:02:24.72 [10108:7228:0216/130224.684:ERROR:process_metrics.cc(105)] NOT IMPLEMENTED
Feb 16, 2018 13:02:24.72 [10108:7228:0216/130224.684:ERROR:process_metrics.cc(105)] NOT IMPLEMENTED
Feb 16, 2018 13:02:24.72 [10108:7228:0216/130224.684:ERROR:process_metrics.cc(105)] NOT IMPLEMENTED
Feb 16, 2018 13:02:24.72 [10108:7228:0216/130224.684:ERROR:process_metrics.cc(105)] NOT IMPLEMENTED
